[    1195ms] [INFO] %cDownload the React DevTools for a better development experience: https://react.dev/link/react-devtools font-weight:bold @ http://localhost:3010/_next/static/chunks/7b5ce_next_dist_compiled_react-dom_9ff9e217._.js:14537
[    1580ms] [WARNING] Image with src "/sentrix-coin-logo.png" is using quality "100" which is not configured in images.qualities. This config will be required starting in Next.js 16.
Read more: https://nextjs.org/docs/messages/next-image-unconfigured-qualities @ http://localhost:3010/_next/static/chunks/7b5ce_next_dist_d7d2c236._.js:968
[    2132ms] [ERROR] Each child in a list should have a unique "key" prop.%s%s See https://react.dev/link/warning-keys for more information. 

Check the render method of `HomePage`.  @ http://localhost:3010/_next/static/chunks/7b5ce_next_dist_d7d2c236._.js:2359
[    2482ms] [WARNING] The width(-1) and height(-1) of chart should be greater than 0,
       please check the style of container, or the props width(100%) and height(100%),
       or add a minWidth(0) or minHeight(undefined) or use aspect(undefined) to control the
       height and width. @ http://localhost:3010/_next/static/chunks/8e55a_recharts_es6_util_5fb006dc._.js:1416
[    2483ms] [WARNING] The width(-1) and height(-1) of chart should be greater than 0,
       please check the style of container, or the props width(100%) and height(100%),
       or add a minWidth(0) or minHeight(undefined) or use aspect(undefined) to control the
       height and width. @ http://localhost:3010/_next/static/chunks/8e55a_recharts_es6_util_5fb006dc._.js:1416
[   12703ms] [LOG] [Fast Refresh] rebuilding @ http://localhost:3010/_next/static/chunks/7b5ce_next_dist_client_e7f3adb8._.js:5949
[   12764ms] [LOG] [Fast Refresh] done in 162ms @ http://localhost:3010/_next/static/chunks/7b5ce_next_dist_client_e7f3adb8._.js:5809
[   21180ms] [LOG] [Fast Refresh] rebuilding @ http://localhost:3010/_next/static/chunks/7b5ce_next_dist_client_e7f3adb8._.js:5949
[   21355ms] [LOG] [Fast Refresh] done in 276ms @ http://localhost:3010/_next/static/chunks/7b5ce_next_dist_client_e7f3adb8._.js:5809
[   21649ms] [WARNING] The width(0) and height(0) of chart should be greater than 0,
       please check the style of container, or the props width(100%) and height(100%),
       or add a minWidth(0) or minHeight(undefined) or use aspect(undefined) to control the
       height and width. @ http://localhost:3010/_next/static/chunks/8e55a_recharts_es6_util_5fb006dc._.js:1416
[   21650ms] [WARNING] The width(0) and height(0) of chart should be greater than 0,
       please check the style of container, or the props width(100%) and height(100%),
       or add a minWidth(0) or minHeight(undefined) or use aspect(undefined) to control the
       height and width. @ http://localhost:3010/_next/static/chunks/8e55a_recharts_es6_util_5fb006dc._.js:1416
